2022-09-06 23:58:23 error : uncaughtException: Route.get() requires a callback function but got a [object Undefined]
Error: Route.get() requires a callback function but got a [object Undefined]
    at Route.<computed> [as get] (D:\numble\node_modules\express\lib\router\route.js:211:15)
    at Function.proto.<computed> [as get] (D:\numble\node_modules\express\lib\router\index.js:521:19)
    at Object.<anonymous> (D:\numble\routes\test.js:9:8)
    at Module._compile (node:internal/modules/cjs/loader:1105:14)
    at Object.Module._extensions..js (node:internal/modules/cjs/loader:1159:10)
    at Module.load (node:internal/modules/cjs/loader:981:32)
    at Function.Module._load (node:internal/modules/cjs/loader:822:12)
    at Module.require (node:internal/modules/cjs/loader:1005:19)
    at require (node:internal/modules/cjs/helpers:102:18)
    at Object.<anonymous> (D:\numble\app.js:8:20)
2022-09-06 23:59:52 error : uncaughtException: Route.get() requires a callback function but got a [object Undefined]
Error: Route.get() requires a callback function but got a [object Undefined]
    at Route.<computed> [as get] (D:\numble\node_modules\express\lib\router\route.js:211:15)
    at Function.proto.<computed> [as get] (D:\numble\node_modules\express\lib\router\index.js:521:19)
    at Object.<anonymous> (D:\numble\routes\test.js:9:8)
    at Module._compile (node:internal/modules/cjs/loader:1105:14)
    at Object.Module._extensions..js (node:internal/modules/cjs/loader:1159:10)
    at Module.load (node:internal/modules/cjs/loader:981:32)
    at Function.Module._load (node:internal/modules/cjs/loader:822:12)
    at Module.require (node:internal/modules/cjs/loader:1005:19)
    at require (node:internal/modules/cjs/helpers:102:18)
    at Object.<anonymous> (D:\numble\app.js:8:20)
