2022-09-12 00:56:00 error : uncaughtException: Route.post() requires a callback function but got a [object Undefined]
Error: Route.post() requires a callback function but got a [object Undefined]
    at Route.<computed> [as post] (D:\numble\node_modules\express\lib\router\route.js:211:15)
    at Function.proto.<computed> [as post] (D:\numble\node_modules\express\lib\router\index.js:521:19)
    at Object.<anonymous> (D:\numble\routes\doctor.js:11:8)
    at Module._compile (node:internal/modules/cjs/loader:1105:14)
    at Object.Module._extensions..js (node:internal/modules/cjs/loader:1159:10)
    at Module.load (node:internal/modules/cjs/loader:981:32)
    at Function.Module._load (node:internal/modules/cjs/loader:822:12)
    at Module.require (node:internal/modules/cjs/loader:1005:19)
    at require (node:internal/modules/cjs/helpers:102:18)
    at Object.<anonymous> (D:\numble\app.js:14:22)
2022-09-12 00:58:31 error : uncaughtException: Route.post() requires a callback function but got a [object Undefined]
Error: Route.post() requires a callback function but got a [object Undefined]
    at Route.<computed> [as post] (D:\numble\node_modules\express\lib\router\route.js:211:15)
    at Function.proto.<computed> [as post] (D:\numble\node_modules\express\lib\router\index.js:521:19)
    at Object.<anonymous> (D:\numble\routes\auth.js:12:8)
    at Module._compile (node:internal/modules/cjs/loader:1105:14)
    at Object.Module._extensions..js (node:internal/modules/cjs/loader:1159:10)
    at Module.load (node:internal/modules/cjs/loader:981:32)
    at Function.Module._load (node:internal/modules/cjs/loader:822:12)
    at Module.require (node:internal/modules/cjs/loader:1005:19)
    at require (node:internal/modules/cjs/helpers:102:18)
    at Object.<anonymous> (D:\numble\app.js:13:20)
2022-09-12 00:58:47 error : uncaughtException: Route.post() requires a callback function but got a [object Undefined]
Error: Route.post() requires a callback function but got a [object Undefined]
    at Route.<computed> [as post] (D:\numble\node_modules\express\lib\router\route.js:211:15)
    at Function.proto.<computed> [as post] (D:\numble\node_modules\express\lib\router\index.js:521:19)
    at Object.<anonymous> (D:\numble\routes\auth.js:12:8)
    at Module._compile (node:internal/modules/cjs/loader:1105:14)
    at Object.Module._extensions..js (node:internal/modules/cjs/loader:1159:10)
    at Module.load (node:internal/modules/cjs/loader:981:32)
    at Function.Module._load (node:internal/modules/cjs/loader:822:12)
    at Module.require (node:internal/modules/cjs/loader:1005:19)
    at require (node:internal/modules/cjs/helpers:102:18)
    at Object.<anonymous> (D:\numble\app.js:13:20)
2022-09-12 00:59:37 error : uncaughtException: Route.post() requires a callback function but got a [object Undefined]
Error: Route.post() requires a callback function but got a [object Undefined]
    at Route.<computed> [as post] (D:\numble\node_modules\express\lib\router\route.js:211:15)
    at Function.proto.<computed> [as post] (D:\numble\node_modules\express\lib\router\index.js:521:19)
    at Object.<anonymous> (D:\numble\routes\auth.js:12:8)
    at Module._compile (node:internal/modules/cjs/loader:1105:14)
    at Object.Module._extensions..js (node:internal/modules/cjs/loader:1159:10)
    at Module.load (node:internal/modules/cjs/loader:981:32)
    at Function.Module._load (node:internal/modules/cjs/loader:822:12)
    at Module.require (node:internal/modules/cjs/loader:1005:19)
    at require (node:internal/modules/cjs/helpers:102:18)
    at Object.<anonymous> (D:\numble\app.js:13:20)
2022-09-12 00:59:59 error : uncaughtException: Route.post() requires a callback function but got a [object Undefined]
Error: Route.post() requires a callback function but got a [object Undefined]
    at Route.<computed> [as post] (D:\numble\node_modules\express\lib\router\route.js:211:15)
    at Function.proto.<computed> [as post] (D:\numble\node_modules\express\lib\router\index.js:521:19)
    at Object.<anonymous> (D:\numble\routes\doctor.js:11:8)
    at Module._compile (node:internal/modules/cjs/loader:1105:14)
    at Object.Module._extensions..js (node:internal/modules/cjs/loader:1159:10)
    at Module.load (node:internal/modules/cjs/loader:981:32)
    at Function.Module._load (node:internal/modules/cjs/loader:822:12)
    at Module.require (node:internal/modules/cjs/loader:1005:19)
    at require (node:internal/modules/cjs/helpers:102:18)
    at Object.<anonymous> (D:\numble\app.js:14:22)
2022-09-12 01:00:04 error : uncaughtException: Route.post() requires a callback function but got a [object Undefined]
Error: Route.post() requires a callback function but got a [object Undefined]
    at Route.<computed> [as post] (D:\numble\node_modules\express\lib\router\route.js:211:15)
    at Function.proto.<computed> [as post] (D:\numble\node_modules\express\lib\router\index.js:521:19)
    at Object.<anonymous> (D:\numble\routes\doctor.js:11:8)
    at Module._compile (node:internal/modules/cjs/loader:1105:14)
    at Object.Module._extensions..js (node:internal/modules/cjs/loader:1159:10)
    at Module.load (node:internal/modules/cjs/loader:981:32)
    at Function.Module._load (node:internal/modules/cjs/loader:822:12)
    at Module.require (node:internal/modules/cjs/loader:1005:19)
    at require (node:internal/modules/cjs/helpers:102:18)
    at Object.<anonymous> (D:\numble\app.js:14:22)
2022-09-12 01:00:18 error : uncaughtException: Route.post() requires a callback function but got a [object Undefined]
Error: Route.post() requires a callback function but got a [object Undefined]
    at Route.<computed> [as post] (D:\numble\node_modules\express\lib\router\route.js:211:15)
    at Function.proto.<computed> [as post] (D:\numble\node_modules\express\lib\router\index.js:521:19)
    at Object.<anonymous> (D:\numble\routes\doctor.js:11:8)
    at Module._compile (node:internal/modules/cjs/loader:1105:14)
    at Object.Module._extensions..js (node:internal/modules/cjs/loader:1159:10)
    at Module.load (node:internal/modules/cjs/loader:981:32)
    at Function.Module._load (node:internal/modules/cjs/loader:822:12)
    at Module.require (node:internal/modules/cjs/loader:1005:19)
    at require (node:internal/modules/cjs/helpers:102:18)
    at Object.<anonymous> (D:\numble\app.js:14:22)
2022-09-12 01:02:18 error : uncaughtException: Route.post() requires a callback function but got a [object Undefined]
Error: Route.post() requires a callback function but got a [object Undefined]
    at Route.<computed> [as post] (D:\numble\node_modules\express\lib\router\route.js:211:15)
    at Function.proto.<computed> [as post] (D:\numble\node_modules\express\lib\router\index.js:521:19)
    at Object.<anonymous> (D:\numble\routes\doctor.js:11:8)
    at Module._compile (node:internal/modules/cjs/loader:1105:14)
    at Object.Module._extensions..js (node:internal/modules/cjs/loader:1159:10)
    at Module.load (node:internal/modules/cjs/loader:981:32)
    at Function.Module._load (node:internal/modules/cjs/loader:822:12)
    at Module.require (node:internal/modules/cjs/loader:1005:19)
    at require (node:internal/modules/cjs/helpers:102:18)
    at Object.<anonymous> (D:\numble\app.js:14:22)
2022-09-12 01:02:41 error : uncaughtException: req is not defined
ReferenceError: req is not defined
    at Object.<anonymous> (D:\numble\routes\doctor.js:11:40)
    at Module._compile (node:internal/modules/cjs/loader:1105:14)
    at Object.Module._extensions..js (node:internal/modules/cjs/loader:1159:10)
    at Module.load (node:internal/modules/cjs/loader:981:32)
    at Function.Module._load (node:internal/modules/cjs/loader:822:12)
    at Module.require (node:internal/modules/cjs/loader:1005:19)
    at require (node:internal/modules/cjs/helpers:102:18)
    at Object.<anonymous> (D:\numble\app.js:14:22)
    at Module._compile (node:internal/modules/cjs/loader:1105:14)
    at Object.Module._extensions..js (node:internal/modules/cjs/loader:1159:10)
